{"timestamp":"2025-09-19T04:26:15.721335","level":"info","event":"Filling up the DagBag from /opt/airflow/dags/create_dag_with_operator.py","logger":"airflow.models.dagbag.DagBag"}
{"timestamp":"2025-09-19T04:26:15.741049","level":"error","event":"Failed to import: /opt/airflow/dags/create_dag_with_operator.py","logger":"airflow.models.dagbag.DagBag","error_detail":[{"exc_type":"SyntaxError","exc_value":"expected ':' (create_dag_with_operator.py, line 17)","exc_notes":[],"syntax_error":{"offset":2,"filename":"/opt/airflow/dags/create_dag_with_operator.py","line":")","lineno":17,"msg":"expected ':'"},"is_cause":false,"frames":[{"filename":"/home/airflow/.local/lib/python3.12/site-packages/airflow/models/dagbag.py","lineno":394,"name":"parse"},{"filename":"<frozen importlib._bootstrap_external>","lineno":995,"name":"exec_module"},{"filename":"<frozen importlib._bootstrap_external>","lineno":1133,"name":"get_code"},{"filename":"<frozen importlib._bootstrap_external>","lineno":1063,"name":"source_to_code"},{"filename":"<frozen importlib._bootstrap>","lineno":488,"name":"_call_with_frames_removed"}],"is_group":false,"exceptions":[]}]}
{"timestamp":"2025-09-19T04:26:46.631501","level":"info","event":"Filling up the DagBag from /opt/airflow/dags/create_dag_with_operator.py","logger":"airflow.models.dagbag.DagBag"}
{"timestamp":"2025-09-19T04:26:46.653728","level":"error","event":"Failed to import: /opt/airflow/dags/create_dag_with_operator.py","logger":"airflow.models.dagbag.DagBag","error_detail":[{"exc_type":"SyntaxError","exc_value":"expected ':' (create_dag_with_operator.py, line 17)","exc_notes":[],"syntax_error":{"offset":2,"filename":"/opt/airflow/dags/create_dag_with_operator.py","line":")","lineno":17,"msg":"expected ':'"},"is_cause":false,"frames":[{"filename":"/home/airflow/.local/lib/python3.12/site-packages/airflow/models/dagbag.py","lineno":394,"name":"parse"},{"filename":"<frozen importlib._bootstrap_external>","lineno":995,"name":"exec_module"},{"filename":"<frozen importlib._bootstrap_external>","lineno":1133,"name":"get_code"},{"filename":"<frozen importlib._bootstrap_external>","lineno":1063,"name":"source_to_code"},{"filename":"<frozen importlib._bootstrap>","lineno":488,"name":"_call_with_frames_removed"}],"is_group":false,"exceptions":[]}]}
{"timestamp":"2025-09-19T04:26:49.784865","level":"info","event":"Filling up the DagBag from /opt/airflow/dags/create_dag_with_operator.py","logger":"airflow.models.dagbag.DagBag"}
{"timestamp":"2025-09-19T04:26:49.791504","level":"error","event":"Failed to import: /opt/airflow/dags/create_dag_with_operator.py","logger":"airflow.models.dagbag.DagBag","error_detail":[{"exc_type":"SyntaxError","exc_value":"expected ':' (create_dag_with_operator.py, line 19)","exc_notes":[],"syntax_error":{"offset":2,"filename":"/opt/airflow/dags/create_dag_with_operator.py","line":")","lineno":19,"msg":"expected ':'"},"is_cause":false,"frames":[{"filename":"/home/airflow/.local/lib/python3.12/site-packages/airflow/models/dagbag.py","lineno":394,"name":"parse"},{"filename":"<frozen importlib._bootstrap_external>","lineno":995,"name":"exec_module"},{"filename":"<frozen importlib._bootstrap_external>","lineno":1133,"name":"get_code"},{"filename":"<frozen importlib._bootstrap_external>","lineno":1063,"name":"source_to_code"},{"filename":"<frozen importlib._bootstrap>","lineno":488,"name":"_call_with_frames_removed"}],"is_group":false,"exceptions":[]}]}
{"timestamp":"2025-09-19T04:27:19.667801","level":"info","event":"Filling up the DagBag from /opt/airflow/dags/create_dag_with_operator.py","logger":"airflow.models.dagbag.DagBag"}
{"timestamp":"2025-09-19T04:27:19.685417","level":"error","event":"Failed to import: /opt/airflow/dags/create_dag_with_operator.py","logger":"airflow.models.dagbag.DagBag","error_detail":[{"exc_type":"TypeError","exc_value":"DAG.__init__() got an unexpected keyword argument 'schedule_interval'","exc_notes":[],"syntax_error":null,"is_cause":false,"frames":[{"filename":"/home/airflow/.local/lib/python3.12/site-packages/airflow/models/dagbag.py","lineno":394,"name":"parse"},{"filename":"<frozen importlib._bootstrap_external>","lineno":999,"name":"exec_module"},{"filename":"<frozen importlib._bootstrap>","lineno":488,"name":"_call_with_frames_removed"},{"filename":"/opt/airflow/dags/create_dag_with_operator.py","lineno":16,"name":"<module>"}],"is_group":false,"exceptions":[]}]}
{"timestamp":"2025-09-19T04:27:37.075787","level":"info","event":"Filling up the DagBag from /opt/airflow/dags/create_dag_with_operator.py","logger":"airflow.models.dagbag.DagBag"}
{"timestamp":"2025-09-19T04:27:37.087551","level":"error","event":"Failed to import: /opt/airflow/dags/create_dag_with_operator.py","logger":"airflow.models.dagbag.DagBag","error_detail":[{"exc_type":"SyntaxError","exc_value":"invalid syntax (create_dag_with_operator.py, line 4)","exc_notes":[],"syntax_error":{"offset":23,"filename":"/opt/airflow/dags/create_dag_with_operator.py","line":"from airflow.operators\n","lineno":4,"msg":"invalid syntax"},"is_cause":false,"frames":[{"filename":"/home/airflow/.local/lib/python3.12/site-packages/airflow/models/dagbag.py","lineno":394,"name":"parse"},{"filename":"<frozen importlib._bootstrap_external>","lineno":995,"name":"exec_module"},{"filename":"<frozen importlib._bootstrap_external>","lineno":1133,"name":"get_code"},{"filename":"<frozen importlib._bootstrap_external>","lineno":1063,"name":"source_to_code"},{"filename":"<frozen importlib._bootstrap>","lineno":488,"name":"_call_with_frames_removed"}],"is_group":false,"exceptions":[]}]}
{"timestamp":"2025-09-19T04:27:55.614320","level":"info","event":"Filling up the DagBag from /opt/airflow/dags/create_dag_with_operator.py","logger":"airflow.models.dagbag.DagBag"}
{"timestamp":"2025-09-19T04:27:55.634345","level":"error","event":"Failed to import: /opt/airflow/dags/create_dag_with_operator.py","logger":"airflow.models.dagbag.DagBag","error_detail":[{"exc_type":"TypeError","exc_value":"DAG.__init__() got an unexpected keyword argument 'schedule_interval'","exc_notes":[],"syntax_error":null,"is_cause":false,"frames":[{"filename":"/home/airflow/.local/lib/python3.12/site-packages/airflow/models/dagbag.py","lineno":394,"name":"parse"},{"filename":"<frozen importlib._bootstrap_external>","lineno":999,"name":"exec_module"},{"filename":"<frozen importlib._bootstrap>","lineno":488,"name":"_call_with_frames_removed"},{"filename":"/opt/airflow/dags/create_dag_with_operator.py","lineno":17,"name":"<module>"}],"is_group":false,"exceptions":[]}]}
{"timestamp":"2025-09-19T04:28:14.048278","level":"info","event":"Filling up the DagBag from /opt/airflow/dags/create_dag_with_operator.py","logger":"airflow.models.dagbag.DagBag"}
{"timestamp":"2025-09-19T04:28:14.064839","level":"error","event":"Failed to import: /opt/airflow/dags/create_dag_with_operator.py","logger":"airflow.models.dagbag.DagBag","error_detail":[{"exc_type":"TypeError","exc_value":"DAG.__init__() got an unexpected keyword argument 'schedule_interval'","exc_notes":[],"syntax_error":null,"is_cause":false,"frames":[{"filename":"/home/airflow/.local/lib/python3.12/site-packages/airflow/models/dagbag.py","lineno":394,"name":"parse"},{"filename":"<frozen importlib._bootstrap_external>","lineno":999,"name":"exec_module"},{"filename":"<frozen importlib._bootstrap>","lineno":488,"name":"_call_with_frames_removed"},{"filename":"/opt/airflow/dags/create_dag_with_operator.py","lineno":17,"name":"<module>"}],"is_group":false,"exceptions":[]}]}
{"timestamp":"2025-09-19T04:28:33.490965","level":"info","event":"Filling up the DagBag from /opt/airflow/dags/create_dag_with_operator.py","logger":"airflow.models.dagbag.DagBag"}
{"timestamp":"2025-09-19T04:28:33.515689","level":"error","event":"Failed to import: /opt/airflow/dags/create_dag_with_operator.py","logger":"airflow.models.dagbag.DagBag","error_detail":[{"exc_type":"TypeError","exc_value":"DAG.__init__() got an unexpected keyword argument 'schedule_interval'","exc_notes":[],"syntax_error":null,"is_cause":false,"frames":[{"filename":"/home/airflow/.local/lib/python3.12/site-packages/airflow/models/dagbag.py","lineno":394,"name":"parse"},{"filename":"<frozen importlib._bootstrap_external>","lineno":999,"name":"exec_module"},{"filename":"<frozen importlib._bootstrap>","lineno":488,"name":"_call_with_frames_removed"},{"filename":"/opt/airflow/dags/create_dag_with_operator.py","lineno":17,"name":"<module>"}],"is_group":false,"exceptions":[]}]}
{"timestamp":"2025-09-19T04:29:04.279807","level":"info","event":"Filling up the DagBag from /opt/airflow/dags/create_dag_with_operator.py","logger":"airflow.models.dagbag.DagBag"}
{"timestamp":"2025-09-19T04:29:04.290619","level":"error","event":"Failed to import: /opt/airflow/dags/create_dag_with_operator.py","logger":"airflow.models.dagbag.DagBag","error_detail":[{"exc_type":"TypeError","exc_value":"DAG.__init__() got an unexpected keyword argument 'schedule_interval'","exc_notes":[],"syntax_error":null,"is_cause":false,"frames":[{"filename":"/home/airflow/.local/lib/python3.12/site-packages/airflow/models/dagbag.py","lineno":394,"name":"parse"},{"filename":"<frozen importlib._bootstrap_external>","lineno":999,"name":"exec_module"},{"filename":"<frozen importlib._bootstrap>","lineno":488,"name":"_call_with_frames_removed"},{"filename":"/opt/airflow/dags/create_dag_with_operator.py","lineno":17,"name":"<module>"}],"is_group":false,"exceptions":[]}]}
{"timestamp":"2025-09-19T04:29:35.290310","level":"info","event":"Filling up the DagBag from /opt/airflow/dags/create_dag_with_operator.py","logger":"airflow.models.dagbag.DagBag"}
{"timestamp":"2025-09-19T04:29:35.305954","level":"error","event":"Failed to import: /opt/airflow/dags/create_dag_with_operator.py","logger":"airflow.models.dagbag.DagBag","error_detail":[{"exc_type":"TypeError","exc_value":"DAG.__init__() got an unexpected keyword argument 'schedule_interval'","exc_notes":[],"syntax_error":null,"is_cause":false,"frames":[{"filename":"/home/airflow/.local/lib/python3.12/site-packages/airflow/models/dagbag.py","lineno":394,"name":"parse"},{"filename":"<frozen importlib._bootstrap_external>","lineno":999,"name":"exec_module"},{"filename":"<frozen importlib._bootstrap>","lineno":488,"name":"_call_with_frames_removed"},{"filename":"/opt/airflow/dags/create_dag_with_operator.py","lineno":17,"name":"<module>"}],"is_group":false,"exceptions":[]}]}
{"timestamp":"2025-09-19T04:29:40.628658","level":"info","event":"Filling up the DagBag from /opt/airflow/dags/create_dag_with_operator.py","logger":"airflow.models.dagbag.DagBag"}
{"timestamp":"2025-09-19T04:30:11.541192","level":"info","event":"Filling up the DagBag from /opt/airflow/dags/create_dag_with_operator.py","logger":"airflow.models.dagbag.DagBag"}
{"timestamp":"2025-09-19T04:30:38.700353","level":"info","event":"Filling up the DagBag from /opt/airflow/dags/create_dag_with_operator.py","logger":"airflow.models.dagbag.DagBag"}
{"timestamp":"2025-09-19T04:30:52.804796","level":"info","event":"Filling up the DagBag from /opt/airflow/dags/create_dag_with_operator.py","logger":"airflow.models.dagbag.DagBag"}
{"timestamp":"2025-09-19T04:30:59.251574","level":"info","event":"Filling up the DagBag from /opt/airflow/dags/create_dag_with_operator.py","logger":"airflow.models.dagbag.DagBag"}
{"timestamp":"2025-09-19T04:31:23.925124","level":"info","event":"Filling up the DagBag from /opt/airflow/dags/create_dag_with_operator.py","logger":"airflow.models.dagbag.DagBag"}
{"timestamp":"2025-09-19T04:31:34.586900","level":"info","event":"Filling up the DagBag from /opt/airflow/dags/create_dag_with_operator.py","logger":"airflow.models.dagbag.DagBag"}
{"timestamp":"2025-09-19T04:32:05.707398","level":"info","event":"Filling up the DagBag from /opt/airflow/dags/create_dag_with_operator.py","logger":"airflow.models.dagbag.DagBag"}
{"timestamp":"2025-09-19T04:32:36.541806","level":"info","event":"Filling up the DagBag from /opt/airflow/dags/create_dag_with_operator.py","logger":"airflow.models.dagbag.DagBag"}
{"timestamp":"2025-09-19T04:33:07.288556","level":"info","event":"Filling up the DagBag from /opt/airflow/dags/create_dag_with_operator.py","logger":"airflow.models.dagbag.DagBag"}
{"timestamp":"2025-09-19T04:33:37.970394","level":"info","event":"Filling up the DagBag from /opt/airflow/dags/create_dag_with_operator.py","logger":"airflow.models.dagbag.DagBag"}
{"timestamp":"2025-09-19T04:34:08.715319","level":"info","event":"Filling up the DagBag from /opt/airflow/dags/create_dag_with_operator.py","logger":"airflow.models.dagbag.DagBag"}
{"timestamp":"2025-09-19T04:34:39.717780","level":"info","event":"Filling up the DagBag from /opt/airflow/dags/create_dag_with_operator.py","logger":"airflow.models.dagbag.DagBag"}
{"timestamp":"2025-09-19T04:34:59.244525","level":"info","event":"Filling up the DagBag from /opt/airflow/dags/create_dag_with_operator.py","logger":"airflow.models.dagbag.DagBag"}
{"timestamp":"2025-09-19T04:35:30.326083","level":"info","event":"Filling up the DagBag from /opt/airflow/dags/create_dag_with_operator.py","logger":"airflow.models.dagbag.DagBag"}
{"timestamp":"2025-09-19T04:36:01.267947","level":"info","event":"Filling up the DagBag from /opt/airflow/dags/create_dag_with_operator.py","logger":"airflow.models.dagbag.DagBag"}
{"timestamp":"2025-09-19T04:36:32.242745","level":"info","event":"Filling up the DagBag from /opt/airflow/dags/create_dag_with_operator.py","logger":"airflow.models.dagbag.DagBag"}
{"timestamp":"2025-09-19T04:37:03.071509","level":"info","event":"Filling up the DagBag from /opt/airflow/dags/create_dag_with_operator.py","logger":"airflow.models.dagbag.DagBag"}
{"timestamp":"2025-09-19T04:37:33.796077","level":"info","event":"Filling up the DagBag from /opt/airflow/dags/create_dag_with_operator.py","logger":"airflow.models.dagbag.DagBag"}
{"timestamp":"2025-09-19T04:38:04.646147","level":"info","event":"Filling up the DagBag from /opt/airflow/dags/create_dag_with_operator.py","logger":"airflow.models.dagbag.DagBag"}
{"timestamp":"2025-09-19T04:38:35.506185","level":"info","event":"Filling up the DagBag from /opt/airflow/dags/create_dag_with_operator.py","logger":"airflow.models.dagbag.DagBag"}
{"timestamp":"2025-09-19T04:39:03.305327","level":"info","event":"Filling up the DagBag from /opt/airflow/dags/create_dag_with_operator.py","logger":"airflow.models.dagbag.DagBag"}
{"timestamp":"2025-09-19T04:39:33.883763","level":"info","event":"Filling up the DagBag from /opt/airflow/dags/create_dag_with_operator.py","logger":"airflow.models.dagbag.DagBag"}
{"timestamp":"2025-09-19T04:39:38.017271","level":"info","event":"Filling up the DagBag from /opt/airflow/dags/create_dag_with_operator.py","logger":"airflow.models.dagbag.DagBag"}
{"timestamp":"2025-09-19T04:40:08.680133","level":"info","event":"Filling up the DagBag from /opt/airflow/dags/create_dag_with_operator.py","logger":"airflow.models.dagbag.DagBag"}
{"timestamp":"2025-09-19T04:40:14.890029","level":"info","event":"Filling up the DagBag from /opt/airflow/dags/create_dag_with_operator.py","logger":"airflow.models.dagbag.DagBag"}
{"timestamp":"2025-09-19T04:40:45.750111","level":"info","event":"Filling up the DagBag from /opt/airflow/dags/create_dag_with_operator.py","logger":"airflow.models.dagbag.DagBag"}
{"timestamp":"2025-09-19T04:41:16.364349","level":"info","event":"Filling up the DagBag from /opt/airflow/dags/create_dag_with_operator.py","logger":"airflow.models.dagbag.DagBag"}
{"timestamp":"2025-09-19T04:41:47.025125","level":"info","event":"Filling up the DagBag from /opt/airflow/dags/create_dag_with_operator.py","logger":"airflow.models.dagbag.DagBag"}
{"timestamp":"2025-09-19T04:41:53.206445","level":"info","event":"Filling up the DagBag from /opt/airflow/dags/create_dag_with_operator.py","logger":"airflow.models.dagbag.DagBag"}
{"timestamp":"2025-09-19T04:42:17.968089","level":"info","event":"Filling up the DagBag from /opt/airflow/dags/create_dag_with_operator.py","logger":"airflow.models.dagbag.DagBag"}
{"timestamp":"2025-09-19T04:42:38.643982","level":"info","event":"Filling up the DagBag from /opt/airflow/dags/create_dag_with_operator.py","logger":"airflow.models.dagbag.DagBag"}
{"timestamp":"2025-09-19T04:43:08.907903","level":"info","event":"Filling up the DagBag from /opt/airflow/dags/create_dag_with_operator.py","logger":"airflow.models.dagbag.DagBag"}
{"timestamp":"2025-09-19T04:43:39.748808","level":"info","event":"Filling up the DagBag from /opt/airflow/dags/create_dag_with_operator.py","logger":"airflow.models.dagbag.DagBag"}
{"timestamp":"2025-09-19T04:44:10.682751","level":"info","event":"Filling up the DagBag from /opt/airflow/dags/create_dag_with_operator.py","logger":"airflow.models.dagbag.DagBag"}
{"timestamp":"2025-09-19T04:45:26.541078","level":"info","event":"Filling up the DagBag from /opt/airflow/dags/create_dag_with_operator.py","logger":"airflow.models.dagbag.DagBag"}
{"timestamp":"2025-09-19T04:49:27.930374","level":"info","event":"Filling up the DagBag from /opt/airflow/dags/create_dag_with_operator.py","logger":"airflow.models.dagbag.DagBag"}
{"timestamp":"2025-09-19T04:49:58.479930","level":"info","event":"Filling up the DagBag from /opt/airflow/dags/create_dag_with_operator.py","logger":"airflow.models.dagbag.DagBag"}
{"timestamp":"2025-09-19T04:50:29.030717","level":"info","event":"Filling up the DagBag from /opt/airflow/dags/create_dag_with_operator.py","logger":"airflow.models.dagbag.DagBag"}
{"timestamp":"2025-09-19T04:50:59.604072","level":"info","event":"Filling up the DagBag from /opt/airflow/dags/create_dag_with_operator.py","logger":"airflow.models.dagbag.DagBag"}
{"timestamp":"2025-09-19T04:51:30.204751","level":"info","event":"Filling up the DagBag from /opt/airflow/dags/create_dag_with_operator.py","logger":"airflow.models.dagbag.DagBag"}
{"timestamp":"2025-09-19T04:52:00.762476","level":"info","event":"Filling up the DagBag from /opt/airflow/dags/create_dag_with_operator.py","logger":"airflow.models.dagbag.DagBag"}
{"timestamp":"2025-09-19T04:52:31.505422","level":"info","event":"Filling up the DagBag from /opt/airflow/dags/create_dag_with_operator.py","logger":"airflow.models.dagbag.DagBag"}
{"timestamp":"2025-09-19T04:54:19.055738","level":"info","event":"Filling up the DagBag from /opt/airflow/dags/create_dag_with_operator.py","logger":"airflow.models.dagbag.DagBag"}
{"timestamp":"2025-09-19T04:57:16.784383","level":"info","event":"Filling up the DagBag from /opt/airflow/dags/create_dag_with_operator.py","logger":"airflow.models.dagbag.DagBag"}
{"timestamp":"2025-09-19T04:57:47.503931","level":"info","event":"Filling up the DagBag from /opt/airflow/dags/create_dag_with_operator.py","logger":"airflow.models.dagbag.DagBag"}
{"timestamp":"2025-09-19T04:59:39.984695","level":"info","event":"Filling up the DagBag from /opt/airflow/dags/create_dag_with_operator.py","logger":"airflow.models.dagbag.DagBag"}
{"timestamp":"2025-09-19T05:03:52.642322","level":"info","event":"Filling up the DagBag from /opt/airflow/dags/create_dag_with_operator.py","logger":"airflow.models.dagbag.DagBag"}
{"timestamp":"2025-09-19T05:04:23.289107","level":"info","event":"Filling up the DagBag from /opt/airflow/dags/create_dag_with_operator.py","logger":"airflow.models.dagbag.DagBag"}
{"timestamp":"2025-09-19T05:04:53.895643","level":"info","event":"Filling up the DagBag from /opt/airflow/dags/create_dag_with_operator.py","logger":"airflow.models.dagbag.DagBag"}
{"timestamp":"2025-09-19T05:05:24.445650","level":"info","event":"Filling up the DagBag from /opt/airflow/dags/create_dag_with_operator.py","logger":"airflow.models.dagbag.DagBag"}
{"timestamp":"2025-09-19T05:05:55.004399","level":"info","event":"Filling up the DagBag from /opt/airflow/dags/create_dag_with_operator.py","logger":"airflow.models.dagbag.DagBag"}
{"timestamp":"2025-09-19T05:06:25.492146","level":"info","event":"Filling up the DagBag from /opt/airflow/dags/create_dag_with_operator.py","logger":"airflow.models.dagbag.DagBag"}
{"timestamp":"2025-09-19T05:06:56.088558","level":"info","event":"Filling up the DagBag from /opt/airflow/dags/create_dag_with_operator.py","logger":"airflow.models.dagbag.DagBag"}
{"timestamp":"2025-09-19T05:07:26.587188","level":"info","event":"Filling up the DagBag from /opt/airflow/dags/create_dag_with_operator.py","logger":"airflow.models.dagbag.DagBag"}
{"timestamp":"2025-09-19T05:07:57.136426","level":"info","event":"Filling up the DagBag from /opt/airflow/dags/create_dag_with_operator.py","logger":"airflow.models.dagbag.DagBag"}
{"timestamp":"2025-09-19T05:08:27.680780","level":"info","event":"Filling up the DagBag from /opt/airflow/dags/create_dag_with_operator.py","logger":"airflow.models.dagbag.DagBag"}
{"timestamp":"2025-09-19T05:08:58.339295","level":"info","event":"Filling up the DagBag from /opt/airflow/dags/create_dag_with_operator.py","logger":"airflow.models.dagbag.DagBag"}
{"timestamp":"2025-09-19T05:09:28.968408","level":"info","event":"Filling up the DagBag from /opt/airflow/dags/create_dag_with_operator.py","logger":"airflow.models.dagbag.DagBag"}
{"timestamp":"2025-09-19T05:09:59.548850","level":"info","event":"Filling up the DagBag from /opt/airflow/dags/create_dag_with_operator.py","logger":"airflow.models.dagbag.DagBag"}
{"timestamp":"2025-09-19T05:10:30.112121","level":"info","event":"Filling up the DagBag from /opt/airflow/dags/create_dag_with_operator.py","logger":"airflow.models.dagbag.DagBag"}
{"timestamp":"2025-09-19T05:11:00.749479","level":"info","event":"Filling up the DagBag from /opt/airflow/dags/create_dag_with_operator.py","logger":"airflow.models.dagbag.DagBag"}
{"timestamp":"2025-09-19T05:11:31.450724","level":"info","event":"Filling up the DagBag from /opt/airflow/dags/create_dag_with_operator.py","logger":"airflow.models.dagbag.DagBag"}
{"timestamp":"2025-09-19T05:12:02.056997","level":"info","event":"Filling up the DagBag from /opt/airflow/dags/create_dag_with_operator.py","logger":"airflow.models.dagbag.DagBag"}
{"timestamp":"2025-09-19T05:12:32.548838","level":"info","event":"Filling up the DagBag from /opt/airflow/dags/create_dag_with_operator.py","logger":"airflow.models.dagbag.DagBag"}
{"timestamp":"2025-09-19T05:13:03.209281","level":"info","event":"Filling up the DagBag from /opt/airflow/dags/create_dag_with_operator.py","logger":"airflow.models.dagbag.DagBag"}
{"timestamp":"2025-09-19T05:13:33.850684","level":"info","event":"Filling up the DagBag from /opt/airflow/dags/create_dag_with_operator.py","logger":"airflow.models.dagbag.DagBag"}
{"timestamp":"2025-09-19T05:14:04.401147","level":"info","event":"Filling up the DagBag from /opt/airflow/dags/create_dag_with_operator.py","logger":"airflow.models.dagbag.DagBag"}
{"timestamp":"2025-09-19T05:14:34.953307","level":"info","event":"Filling up the DagBag from /opt/airflow/dags/create_dag_with_operator.py","logger":"airflow.models.dagbag.DagBag"}
{"timestamp":"2025-09-19T05:15:05.560024","level":"info","event":"Filling up the DagBag from /opt/airflow/dags/create_dag_with_operator.py","logger":"airflow.models.dagbag.DagBag"}
{"timestamp":"2025-09-19T05:15:36.138937","level":"info","event":"Filling up the DagBag from /opt/airflow/dags/create_dag_with_operator.py","logger":"airflow.models.dagbag.DagBag"}
{"timestamp":"2025-09-19T05:16:06.745208","level":"info","event":"Filling up the DagBag from /opt/airflow/dags/create_dag_with_operator.py","logger":"airflow.models.dagbag.DagBag"}
{"timestamp":"2025-09-19T05:16:37.335962","level":"info","event":"Filling up the DagBag from /opt/airflow/dags/create_dag_with_operator.py","logger":"airflow.models.dagbag.DagBag"}
{"timestamp":"2025-09-19T05:17:07.893878","level":"info","event":"Filling up the DagBag from /opt/airflow/dags/create_dag_with_operator.py","logger":"airflow.models.dagbag.DagBag"}
{"timestamp":"2025-09-19T05:17:38.497803","level":"info","event":"Filling up the DagBag from /opt/airflow/dags/create_dag_with_operator.py","logger":"airflow.models.dagbag.DagBag"}
{"timestamp":"2025-09-19T05:18:09.161736","level":"info","event":"Filling up the DagBag from /opt/airflow/dags/create_dag_with_operator.py","logger":"airflow.models.dagbag.DagBag"}
{"timestamp":"2025-09-19T05:18:39.613454","level":"info","event":"Filling up the DagBag from /opt/airflow/dags/create_dag_with_operator.py","logger":"airflow.models.dagbag.DagBag"}
{"timestamp":"2025-09-19T05:19:10.219178","level":"info","event":"Filling up the DagBag from /opt/airflow/dags/create_dag_with_operator.py","logger":"airflow.models.dagbag.DagBag"}
{"timestamp":"2025-09-19T05:19:40.855759","level":"info","event":"Filling up the DagBag from /opt/airflow/dags/create_dag_with_operator.py","logger":"airflow.models.dagbag.DagBag"}
{"timestamp":"2025-09-19T05:20:11.457319","level":"info","event":"Filling up the DagBag from /opt/airflow/dags/create_dag_with_operator.py","logger":"airflow.models.dagbag.DagBag"}
{"timestamp":"2025-09-19T05:20:42.091323","level":"info","event":"Filling up the DagBag from /opt/airflow/dags/create_dag_with_operator.py","logger":"airflow.models.dagbag.DagBag"}
{"timestamp":"2025-09-19T05:21:12.619660","level":"info","event":"Filling up the DagBag from /opt/airflow/dags/create_dag_with_operator.py","logger":"airflow.models.dagbag.DagBag"}
{"timestamp":"2025-09-19T05:21:43.162624","level":"info","event":"Filling up the DagBag from /opt/airflow/dags/create_dag_with_operator.py","logger":"airflow.models.dagbag.DagBag"}
{"timestamp":"2025-09-19T05:22:13.795681","level":"info","event":"Filling up the DagBag from /opt/airflow/dags/create_dag_with_operator.py","logger":"airflow.models.dagbag.DagBag"}
{"timestamp":"2025-09-19T05:22:44.245779","level":"info","event":"Filling up the DagBag from /opt/airflow/dags/create_dag_with_operator.py","logger":"airflow.models.dagbag.DagBag"}
{"timestamp":"2025-09-19T05:23:14.799362","level":"info","event":"Filling up the DagBag from /opt/airflow/dags/create_dag_with_operator.py","logger":"airflow.models.dagbag.DagBag"}
{"timestamp":"2025-09-19T05:23:45.356580","level":"info","event":"Filling up the DagBag from /opt/airflow/dags/create_dag_with_operator.py","logger":"airflow.models.dagbag.DagBag"}
{"timestamp":"2025-09-19T05:24:15.797163","level":"info","event":"Filling up the DagBag from /opt/airflow/dags/create_dag_with_operator.py","logger":"airflow.models.dagbag.DagBag"}
{"timestamp":"2025-09-19T05:24:46.310672","level":"info","event":"Filling up the DagBag from /opt/airflow/dags/create_dag_with_operator.py","logger":"airflow.models.dagbag.DagBag"}
{"timestamp":"2025-09-19T05:25:16.948748","level":"info","event":"Filling up the DagBag from /opt/airflow/dags/create_dag_with_operator.py","logger":"airflow.models.dagbag.DagBag"}
{"timestamp":"2025-09-19T05:25:47.510831","level":"info","event":"Filling up the DagBag from /opt/airflow/dags/create_dag_with_operator.py","logger":"airflow.models.dagbag.DagBag"}
{"timestamp":"2025-09-19T05:26:18.086691","level":"info","event":"Filling up the DagBag from /opt/airflow/dags/create_dag_with_operator.py","logger":"airflow.models.dagbag.DagBag"}
{"timestamp":"2025-09-19T05:26:48.707200","level":"info","event":"Filling up the DagBag from /opt/airflow/dags/create_dag_with_operator.py","logger":"airflow.models.dagbag.DagBag"}
{"timestamp":"2025-09-19T05:27:19.258219","level":"info","event":"Filling up the DagBag from /opt/airflow/dags/create_dag_with_operator.py","logger":"airflow.models.dagbag.DagBag"}
{"timestamp":"2025-09-19T05:27:49.917760","level":"info","event":"Filling up the DagBag from /opt/airflow/dags/create_dag_with_operator.py","logger":"airflow.models.dagbag.DagBag"}
{"timestamp":"2025-09-19T05:28:20.482126","level":"info","event":"Filling up the DagBag from /opt/airflow/dags/create_dag_with_operator.py","logger":"airflow.models.dagbag.DagBag"}
{"timestamp":"2025-09-19T05:28:51.089413","level":"info","event":"Filling up the DagBag from /opt/airflow/dags/create_dag_with_operator.py","logger":"airflow.models.dagbag.DagBag"}
{"timestamp":"2025-09-19T05:29:21.657321","level":"info","event":"Filling up the DagBag from /opt/airflow/dags/create_dag_with_operator.py","logger":"airflow.models.dagbag.DagBag"}
{"timestamp":"2025-09-19T05:29:52.243439","level":"info","event":"Filling up the DagBag from /opt/airflow/dags/create_dag_with_operator.py","logger":"airflow.models.dagbag.DagBag"}
{"timestamp":"2025-09-19T05:30:22.861464","level":"info","event":"Filling up the DagBag from /opt/airflow/dags/create_dag_with_operator.py","logger":"airflow.models.dagbag.DagBag"}
{"timestamp":"2025-09-19T05:30:53.375486","level":"info","event":"Filling up the DagBag from /opt/airflow/dags/create_dag_with_operator.py","logger":"airflow.models.dagbag.DagBag"}
{"timestamp":"2025-09-19T05:31:23.847973","level":"info","event":"Filling up the DagBag from /opt/airflow/dags/create_dag_with_operator.py","logger":"airflow.models.dagbag.DagBag"}
{"timestamp":"2025-09-19T05:31:54.369458","level":"info","event":"Filling up the DagBag from /opt/airflow/dags/create_dag_with_operator.py","logger":"airflow.models.dagbag.DagBag"}
{"timestamp":"2025-09-19T05:32:24.892174","level":"info","event":"Filling up the DagBag from /opt/airflow/dags/create_dag_with_operator.py","logger":"airflow.models.dagbag.DagBag"}
{"timestamp":"2025-09-19T05:32:55.453080","level":"info","event":"Filling up the DagBag from /opt/airflow/dags/create_dag_with_operator.py","logger":"airflow.models.dagbag.DagBag"}
{"timestamp":"2025-09-19T05:33:25.966183","level":"info","event":"Filling up the DagBag from /opt/airflow/dags/create_dag_with_operator.py","logger":"airflow.models.dagbag.DagBag"}
{"timestamp":"2025-09-19T05:33:56.560659","level":"info","event":"Filling up the DagBag from /opt/airflow/dags/create_dag_with_operator.py","logger":"airflow.models.dagbag.DagBag"}
{"timestamp":"2025-09-19T05:34:27.179732","level":"info","event":"Filling up the DagBag from /opt/airflow/dags/create_dag_with_operator.py","logger":"airflow.models.dagbag.DagBag"}
{"timestamp":"2025-09-19T05:34:57.784757","level":"info","event":"Filling up the DagBag from /opt/airflow/dags/create_dag_with_operator.py","logger":"airflow.models.dagbag.DagBag"}
{"timestamp":"2025-09-19T05:35:28.419458","level":"info","event":"Filling up the DagBag from /opt/airflow/dags/create_dag_with_operator.py","logger":"airflow.models.dagbag.DagBag"}
{"timestamp":"2025-09-19T05:35:58.934551","level":"info","event":"Filling up the DagBag from /opt/airflow/dags/create_dag_with_operator.py","logger":"airflow.models.dagbag.DagBag"}
{"timestamp":"2025-09-19T05:36:29.532731","level":"info","event":"Filling up the DagBag from /opt/airflow/dags/create_dag_with_operator.py","logger":"airflow.models.dagbag.DagBag"}
{"timestamp":"2025-09-19T05:37:00.225603","level":"info","event":"Filling up the DagBag from /opt/airflow/dags/create_dag_with_operator.py","logger":"airflow.models.dagbag.DagBag"}
{"timestamp":"2025-09-19T05:37:30.765609","level":"info","event":"Filling up the DagBag from /opt/airflow/dags/create_dag_with_operator.py","logger":"airflow.models.dagbag.DagBag"}
{"timestamp":"2025-09-19T05:38:01.309314","level":"info","event":"Filling up the DagBag from /opt/airflow/dags/create_dag_with_operator.py","logger":"airflow.models.dagbag.DagBag"}
{"timestamp":"2025-09-19T05:38:31.863749","level":"info","event":"Filling up the DagBag from /opt/airflow/dags/create_dag_with_operator.py","logger":"airflow.models.dagbag.DagBag"}
{"timestamp":"2025-09-19T05:39:02.234800","level":"info","event":"Filling up the DagBag from /opt/airflow/dags/create_dag_with_operator.py","logger":"airflow.models.dagbag.DagBag"}
{"timestamp":"2025-09-19T05:39:32.763736","level":"info","event":"Filling up the DagBag from /opt/airflow/dags/create_dag_with_operator.py","logger":"airflow.models.dagbag.DagBag"}
{"timestamp":"2025-09-19T05:40:03.321753","level":"info","event":"Filling up the DagBag from /opt/airflow/dags/create_dag_with_operator.py","logger":"airflow.models.dagbag.DagBag"}
{"timestamp":"2025-09-19T05:40:33.814705","level":"info","event":"Filling up the DagBag from /opt/airflow/dags/create_dag_with_operator.py","logger":"airflow.models.dagbag.DagBag"}
{"timestamp":"2025-09-19T05:41:04.367506","level":"info","event":"Filling up the DagBag from /opt/airflow/dags/create_dag_with_operator.py","logger":"airflow.models.dagbag.DagBag"}
{"timestamp":"2025-09-19T05:41:34.860798","level":"info","event":"Filling up the DagBag from /opt/airflow/dags/create_dag_with_operator.py","logger":"airflow.models.dagbag.DagBag"}
{"timestamp":"2025-09-19T05:42:05.421335","level":"info","event":"Filling up the DagBag from /opt/airflow/dags/create_dag_with_operator.py","logger":"airflow.models.dagbag.DagBag"}
{"timestamp":"2025-09-19T05:42:35.978548","level":"info","event":"Filling up the DagBag from /opt/airflow/dags/create_dag_with_operator.py","logger":"airflow.models.dagbag.DagBag"}
{"timestamp":"2025-09-19T05:43:06.630128","level":"info","event":"Filling up the DagBag from /opt/airflow/dags/create_dag_with_operator.py","logger":"airflow.models.dagbag.DagBag"}
{"timestamp":"2025-09-19T05:43:37.243238","level":"info","event":"Filling up the DagBag from /opt/airflow/dags/create_dag_with_operator.py","logger":"airflow.models.dagbag.DagBag"}
{"timestamp":"2025-09-19T05:44:07.812482","level":"info","event":"Filling up the DagBag from /opt/airflow/dags/create_dag_with_operator.py","logger":"airflow.models.dagbag.DagBag"}
{"timestamp":"2025-09-19T05:44:38.418854","level":"info","event":"Filling up the DagBag from /opt/airflow/dags/create_dag_with_operator.py","logger":"airflow.models.dagbag.DagBag"}
{"timestamp":"2025-09-19T05:45:09.054607","level":"info","event":"Filling up the DagBag from /opt/airflow/dags/create_dag_with_operator.py","logger":"airflow.models.dagbag.DagBag"}
{"timestamp":"2025-09-19T05:45:39.569451","level":"info","event":"Filling up the DagBag from /opt/airflow/dags/create_dag_with_operator.py","logger":"airflow.models.dagbag.DagBag"}
{"timestamp":"2025-09-19T05:46:10.057953","level":"info","event":"Filling up the DagBag from /opt/airflow/dags/create_dag_with_operator.py","logger":"airflow.models.dagbag.DagBag"}
{"timestamp":"2025-09-19T05:46:40.554161","level":"info","event":"Filling up the DagBag from /opt/airflow/dags/create_dag_with_operator.py","logger":"airflow.models.dagbag.DagBag"}
{"timestamp":"2025-09-19T05:47:11.058391","level":"info","event":"Filling up the DagBag from /opt/airflow/dags/create_dag_with_operator.py","logger":"airflow.models.dagbag.DagBag"}
{"timestamp":"2025-09-19T05:47:41.556681","level":"info","event":"Filling up the DagBag from /opt/airflow/dags/create_dag_with_operator.py","logger":"airflow.models.dagbag.DagBag"}
{"timestamp":"2025-09-19T05:48:12.072713","level":"info","event":"Filling up the DagBag from /opt/airflow/dags/create_dag_with_operator.py","logger":"airflow.models.dagbag.DagBag"}
{"timestamp":"2025-09-19T05:48:42.573740","level":"info","event":"Filling up the DagBag from /opt/airflow/dags/create_dag_with_operator.py","logger":"airflow.models.dagbag.DagBag"}
{"timestamp":"2025-09-19T05:49:13.000398","level":"info","event":"Filling up the DagBag from /opt/airflow/dags/create_dag_with_operator.py","logger":"airflow.models.dagbag.DagBag"}
{"timestamp":"2025-09-19T05:49:43.575608","level":"info","event":"Filling up the DagBag from /opt/airflow/dags/create_dag_with_operator.py","logger":"airflow.models.dagbag.DagBag"}
{"timestamp":"2025-09-19T05:50:14.235568","level":"info","event":"Filling up the DagBag from /opt/airflow/dags/create_dag_with_operator.py","logger":"airflow.models.dagbag.DagBag"}
{"timestamp":"2025-09-19T05:50:44.871708","level":"info","event":"Filling up the DagBag from /opt/airflow/dags/create_dag_with_operator.py","logger":"airflow.models.dagbag.DagBag"}
{"timestamp":"2025-09-19T05:51:15.464217","level":"info","event":"Filling up the DagBag from /opt/airflow/dags/create_dag_with_operator.py","logger":"airflow.models.dagbag.DagBag"}
{"timestamp":"2025-09-19T05:51:46.031775","level":"info","event":"Filling up the DagBag from /opt/airflow/dags/create_dag_with_operator.py","logger":"airflow.models.dagbag.DagBag"}
{"timestamp":"2025-09-19T05:52:16.635558","level":"info","event":"Filling up the DagBag from /opt/airflow/dags/create_dag_with_operator.py","logger":"airflow.models.dagbag.DagBag"}
{"timestamp":"2025-09-19T05:52:47.384252","level":"info","event":"Filling up the DagBag from /opt/airflow/dags/create_dag_with_operator.py","logger":"airflow.models.dagbag.DagBag"}
{"timestamp":"2025-09-19T05:53:17.949429","level":"info","event":"Filling up the DagBag from /opt/airflow/dags/create_dag_with_operator.py","logger":"airflow.models.dagbag.DagBag"}
{"timestamp":"2025-09-19T05:53:48.540224","level":"info","event":"Filling up the DagBag from /opt/airflow/dags/create_dag_with_operator.py","logger":"airflow.models.dagbag.DagBag"}
{"timestamp":"2025-09-19T05:54:19.060285","level":"info","event":"Filling up the DagBag from /opt/airflow/dags/create_dag_with_operator.py","logger":"airflow.models.dagbag.DagBag"}
{"timestamp":"2025-09-19T05:54:49.807691","level":"info","event":"Filling up the DagBag from /opt/airflow/dags/create_dag_with_operator.py","logger":"airflow.models.dagbag.DagBag"}
{"timestamp":"2025-09-19T05:55:20.381499","level":"info","event":"Filling up the DagBag from /opt/airflow/dags/create_dag_with_operator.py","logger":"airflow.models.dagbag.DagBag"}
{"timestamp":"2025-09-19T05:55:50.900316","level":"info","event":"Filling up the DagBag from /opt/airflow/dags/create_dag_with_operator.py","logger":"airflow.models.dagbag.DagBag"}
{"timestamp":"2025-09-19T05:56:21.430338","level":"info","event":"Filling up the DagBag from /opt/airflow/dags/create_dag_with_operator.py","logger":"airflow.models.dagbag.DagBag"}
{"timestamp":"2025-09-19T05:56:52.053164","level":"info","event":"Filling up the DagBag from /opt/airflow/dags/create_dag_with_operator.py","logger":"airflow.models.dagbag.DagBag"}
{"timestamp":"2025-09-19T05:57:22.537506","level":"info","event":"Filling up the DagBag from /opt/airflow/dags/create_dag_with_operator.py","logger":"airflow.models.dagbag.DagBag"}
{"timestamp":"2025-09-19T05:57:53.139802","level":"info","event":"Filling up the DagBag from /opt/airflow/dags/create_dag_with_operator.py","logger":"airflow.models.dagbag.DagBag"}
{"timestamp":"2025-09-19T05:58:23.759666","level":"info","event":"Filling up the DagBag from /opt/airflow/dags/create_dag_with_operator.py","logger":"airflow.models.dagbag.DagBag"}
{"timestamp":"2025-09-19T05:58:54.325064","level":"info","event":"Filling up the DagBag from /opt/airflow/dags/create_dag_with_operator.py","logger":"airflow.models.dagbag.DagBag"}
{"timestamp":"2025-09-19T05:59:24.901767","level":"info","event":"Filling up the DagBag from /opt/airflow/dags/create_dag_with_operator.py","logger":"airflow.models.dagbag.DagBag"}
{"timestamp":"2025-09-19T05:59:55.529799","level":"info","event":"Filling up the DagBag from /opt/airflow/dags/create_dag_with_operator.py","logger":"airflow.models.dagbag.DagBag"}
{"timestamp":"2025-09-19T06:00:26.132587","level":"info","event":"Filling up the DagBag from /opt/airflow/dags/create_dag_with_operator.py","logger":"airflow.models.dagbag.DagBag"}
{"timestamp":"2025-09-19T06:00:56.728792","level":"info","event":"Filling up the DagBag from /opt/airflow/dags/create_dag_with_operator.py","logger":"airflow.models.dagbag.DagBag"}
{"timestamp":"2025-09-19T06:01:27.264841","level":"info","event":"Filling up the DagBag from /opt/airflow/dags/create_dag_with_operator.py","logger":"airflow.models.dagbag.DagBag"}
{"timestamp":"2025-09-19T06:01:57.845568","level":"info","event":"Filling up the DagBag from /opt/airflow/dags/create_dag_with_operator.py","logger":"airflow.models.dagbag.DagBag"}
{"timestamp":"2025-09-19T06:02:28.441202","level":"info","event":"Filling up the DagBag from /opt/airflow/dags/create_dag_with_operator.py","logger":"airflow.models.dagbag.DagBag"}
{"timestamp":"2025-09-19T06:02:58.975749","level":"info","event":"Filling up the DagBag from /opt/airflow/dags/create_dag_with_operator.py","logger":"airflow.models.dagbag.DagBag"}
{"timestamp":"2025-09-19T06:03:29.530788","level":"info","event":"Filling up the DagBag from /opt/airflow/dags/create_dag_with_operator.py","logger":"airflow.models.dagbag.DagBag"}
{"timestamp":"2025-09-19T06:04:00.118751","level":"info","event":"Filling up the DagBag from /opt/airflow/dags/create_dag_with_operator.py","logger":"airflow.models.dagbag.DagBag"}
{"timestamp":"2025-09-19T06:04:30.522996","level":"info","event":"Filling up the DagBag from /opt/airflow/dags/create_dag_with_operator.py","logger":"airflow.models.dagbag.DagBag"}
{"timestamp":"2025-09-19T06:05:00.987712","level":"info","event":"Filling up the DagBag from /opt/airflow/dags/create_dag_with_operator.py","logger":"airflow.models.dagbag.DagBag"}
{"timestamp":"2025-09-19T06:05:31.531251","level":"info","event":"Filling up the DagBag from /opt/airflow/dags/create_dag_with_operator.py","logger":"airflow.models.dagbag.DagBag"}
{"timestamp":"2025-09-19T06:06:02.128040","level":"info","event":"Filling up the DagBag from /opt/airflow/dags/create_dag_with_operator.py","logger":"airflow.models.dagbag.DagBag"}
{"timestamp":"2025-09-19T06:06:32.821415","level":"info","event":"Filling up the DagBag from /opt/airflow/dags/create_dag_with_operator.py","logger":"airflow.models.dagbag.DagBag"}
{"timestamp":"2025-09-19T06:07:03.954612","level":"info","event":"Filling up the DagBag from /opt/airflow/dags/create_dag_with_operator.py","logger":"airflow.models.dagbag.DagBag"}
{"timestamp":"2025-09-19T06:07:40.662514","level":"info","event":"Filling up the DagBag from /opt/airflow/dags/create_dag_with_operator.py","logger":"airflow.models.dagbag.DagBag"}
{"timestamp":"2025-09-19T06:08:11.828876","level":"info","event":"Filling up the DagBag from /opt/airflow/dags/create_dag_with_operator.py","logger":"airflow.models.dagbag.DagBag"}
{"timestamp":"2025-09-19T06:08:42.553365","level":"info","event":"Filling up the DagBag from /opt/airflow/dags/create_dag_with_operator.py","logger":"airflow.models.dagbag.DagBag"}
{"timestamp":"2025-09-19T06:09:13.353906","level":"info","event":"Filling up the DagBag from /opt/airflow/dags/create_dag_with_operator.py","logger":"airflow.models.dagbag.DagBag"}
{"timestamp":"2025-09-19T06:09:44.184043","level":"info","event":"Filling up the DagBag from /opt/airflow/dags/create_dag_with_operator.py","logger":"airflow.models.dagbag.DagBag"}
{"timestamp":"2025-09-19T06:10:15.004775","level":"info","event":"Filling up the DagBag from /opt/airflow/dags/create_dag_with_operator.py","logger":"airflow.models.dagbag.DagBag"}
{"timestamp":"2025-09-19T06:10:45.802322","level":"info","event":"Filling up the DagBag from /opt/airflow/dags/create_dag_with_operator.py","logger":"airflow.models.dagbag.DagBag"}
{"timestamp":"2025-09-19T06:11:11.461855","level":"info","event":"Filling up the DagBag from /opt/airflow/dags/create_dag_with_operator.py","logger":"airflow.models.dagbag.DagBag"}
{"timestamp":"2025-09-19T06:11:41.741396","level":"info","event":"Filling up the DagBag from /opt/airflow/dags/create_dag_with_operator.py","logger":"airflow.models.dagbag.DagBag"}
{"timestamp":"2025-09-19T06:12:12.719706","level":"info","event":"Filling up the DagBag from /opt/airflow/dags/create_dag_with_operator.py","logger":"airflow.models.dagbag.DagBag"}
{"timestamp":"2025-09-19T06:12:31.430446","level":"info","event":"Filling up the DagBag from /opt/airflow/dags/create_dag_with_operator.py","logger":"airflow.models.dagbag.DagBag"}
{"timestamp":"2025-09-19T06:13:01.805192","level":"info","event":"Filling up the DagBag from /opt/airflow/dags/create_dag_with_operator.py","logger":"airflow.models.dagbag.DagBag"}
{"timestamp":"2025-09-19T06:13:31.550228","level":"info","event":"Filling up the DagBag from /opt/airflow/dags/create_dag_with_operator.py","logger":"airflow.models.dagbag.DagBag"}
{"timestamp":"2025-09-19T06:13:56.451831","level":"info","event":"Filling up the DagBag from /opt/airflow/dags/create_dag_with_operator.py","logger":"airflow.models.dagbag.DagBag"}
{"timestamp":"2025-09-19T06:14:08.871968","level":"info","event":"Filling up the DagBag from /opt/airflow/dags/create_dag_with_operator.py","logger":"airflow.models.dagbag.DagBag"}
{"timestamp":"2025-09-19T06:14:09.289990","level":"error","event":"Failed to import: /opt/airflow/dags/create_dag_with_operator.py","logger":"airflow.models.dagbag.DagBag","error_detail":[{"exc_type":"TypeError","exc_value":"missing keyword argument 'python_callable'","exc_notes":[],"syntax_error":null,"is_cause":false,"frames":[{"filename":"/home/airflow/.local/lib/python3.12/site-packages/airflow/models/dagbag.py","lineno":394,"name":"parse"},{"filename":"<frozen importlib._bootstrap_external>","lineno":999,"name":"exec_module"},{"filename":"<frozen importlib._bootstrap>","lineno":488,"name":"_call_with_frames_removed"},{"filename":"/opt/airflow/dags/create_dag_with_operator.py","lineno":44,"name":"<module>"},{"filename":"/home/airflow/.local/lib/python3.12/site-packages/airflow/sdk/bases/operator.py","lineno":485,"name":"apply_defaults"}],"is_group":false,"exceptions":[]}]}
{"timestamp":"2025-09-19T06:14:20.776598","level":"info","event":"Filling up the DagBag from /opt/airflow/dags/create_dag_with_operator.py","logger":"airflow.models.dagbag.DagBag"}
{"timestamp":"2025-09-19T06:14:49.416905","level":"info","event":"Filling up the DagBag from /opt/airflow/dags/create_dag_with_operator.py","logger":"airflow.models.dagbag.DagBag"}
